<?xml version="1.0" encoding="UTF-8"?>
<testsuite xmlns:xsi="http://www.w3.org/2001/XMLSchema-instance" xsi:noNamespaceSchemaLocation="https://maven.apache.org/surefire/maven-surefire-plugin/xsd/surefire-test-report.xsd" name="hw_02_2.BinOpsTest" time="0.046" tests="3" errors="0" skipped="0" failures="0">
  <properties>
[...]
</properties>
  <testcase name="sum" classname="hw_02_2.BinOpsTest" time="0.03"/>
  <testcase name="mult" classname="hw_02_2.BinOpsTest" time="0.001"/>
  <testcase name="mult2" classname="hw_02_2.BinOpsTest" time="0.001"/>
</testsuite>